<?xml version="1.0" encoding="UTF-8"?>
<!-- Generated by org.testng.reporters.JUnitReportReporter -->
<testsuite skipped="0" hostname="DELL-PC" name="com.qa.Projecttestscripts.TC_TrainStatusTable" tests="9" failures="2" timestamp="03 May 2021 15:06:58 GMT" time="644.957" errors="0">
  <testcase name="TrainStatusTable" time="55.523" classname="com.qa.Projecttestscripts.TC_TrainStatusTable"/>
  <testcase name="TrainStatusTable" time="58.154" classname="com.qa.Projecttestscripts.TC_TrainStatusTable"/>
  <testcase name="TrainStatusTableNeg" time="59.635" classname="com.qa.Projecttestscripts.TC_TrainStatusTable"/>
  <testcase name="TrainStatusTableNeg" time="58.689" classname="com.qa.Projecttestscripts.TC_TrainStatusTable"/>
  <testcase name="TrainStatusTableNeg" time="37.711" classname="com.qa.Projecttestscripts.TC_TrainStatusTable"/>
  <testcase name="SearchforTrainsTab" time="96.285" classname="com.qa.Projecttestscripts.TC_TrainStatusTable">
    <failure type="java.lang.AssertionError" message="expected [true] but found [false]">
      <![CDATA[java.lang.AssertionError: expected [true] but found [false]
at org.testng.Assert.fail(Assert.java:96)
at org.testng.Assert.failNotEquals(Assert.java:776)
at org.testng.Assert.assertTrue(Assert.java:44)
at org.testng.Assert.assertTrue(Assert.java:54)
at com.qa.Projecttestscripts.TC_TrainStatusTable.SearchforTrainsTab(TC_TrainStatusTable.java:81)
at sun.reflect.NativeMethodAccessorImpl.invoke0(Native Method)
at sun.reflect.NativeMethodAccessorImpl.invoke(Unknown Source)
at sun.reflect.DelegatingMethodAccessorImpl.invoke(Unknown Source)
at java.lang.reflect.Method.invoke(Unknown Source)
at org.testng.internal.MethodInvocationHelper.invokeMethod(MethodInvocationHelper.java:124)
at org.testng.internal.Invoker.invokeMethod(Invoker.java:583)
at org.testng.internal.Invoker.invokeTestMethod(Invoker.java:719)
at org.testng.internal.Invoker.invokeTestMethods(Invoker.java:989)
at org.testng.internal.TestMethodWorker.invokeTestMethods(TestMethodWorker.java:125)
at org.testng.internal.TestMethodWorker.run(TestMethodWorker.java:109)
at java.util.concurrent.ThreadPoolExecutor.runWorker(Unknown Source)
at java.util.concurrent.ThreadPoolExecutor$Worker.run(Unknown Source)
at java.lang.Thread.run(Unknown Source)
]]>
    </failure>
  </testcase> <!-- SearchforTrainsTab -->
  <testcase name="SearchforTrainsTab" time="119.915" classname="com.qa.Projecttestscripts.TC_TrainStatusTable">
    <failure type="java.lang.AssertionError" message="expected [true] but found [false]">
      <![CDATA[java.lang.AssertionError: expected [true] but found [false]
at org.testng.Assert.fail(Assert.java:96)
at org.testng.Assert.failNotEquals(Assert.java:776)
at org.testng.Assert.assertTrue(Assert.java:44)
at org.testng.Assert.assertTrue(Assert.java:54)
at com.qa.Projecttestscripts.TC_TrainStatusTable.SearchforTrainsTab(TC_TrainStatusTable.java:81)
at sun.reflect.NativeMethodAccessorImpl.invoke0(Native Method)
at sun.reflect.NativeMethodAccessorImpl.invoke(Unknown Source)
at sun.reflect.DelegatingMethodAccessorImpl.invoke(Unknown Source)
at java.lang.reflect.Method.invoke(Unknown Source)
at org.testng.internal.MethodInvocationHelper.invokeMethod(MethodInvocationHelper.java:124)
at org.testng.internal.Invoker.invokeMethod(Invoker.java:583)
at org.testng.internal.Invoker.invokeTestMethod(Invoker.java:719)
at org.testng.internal.Invoker.invokeTestMethods(Invoker.java:989)
at org.testng.internal.TestMethodWorker.invokeTestMethods(TestMethodWorker.java:125)
at org.testng.internal.TestMethodWorker.run(TestMethodWorker.java:109)
at java.util.concurrent.ThreadPoolExecutor.runWorker(Unknown Source)
at java.util.concurrent.ThreadPoolExecutor$Worker.run(Unknown Source)
at java.lang.Thread.run(Unknown Source)
]]>
    </failure>
  </testcase> <!-- SearchforTrainsTab -->
  <testcase name="SearchforTrainsTabNeg" time="93.414" classname="com.qa.Projecttestscripts.TC_TrainStatusTable"/>
  <testcase name="SearchforTrainsTabNeg" time="65.631" classname="com.qa.Projecttestscripts.TC_TrainStatusTable"/>
</testsuite> <!-- com.qa.Projecttestscripts.TC_TrainStatusTable -->
